<?xml version="1.0" encoding="UTF-8"?>
<!-- Generated by org.testng.reporters.JUnitXMLReporter -->
<testsuite ignored="0" hostname="DESKTOP-Q8PS02L" failures="1" tests="6" name="Surefire test" time="27.332" errors="0" timestamp="2025-10-10T16:35:14 IST">
  <testcase classname="NaziaShaik.tests.ErrorValidationsTest" name="LoginErrorValidation" time="0.453">
    <skipped/>
  </testcase> <!-- LoginErrorValidation -->
  <testcase classname="NaziaShaik.tests.ErrorValidationsTest" name="LoginErrorValidation" time="0.458">
    <failure type="java.lang.AssertionError" message="expected [Incorrect email or password.] but found [Incorrect email  password.]">
      <![CDATA[java.lang.AssertionError: expected [Incorrect email or password.] but found [Incorrect email  password.]
at NaziaShaik.tests.ErrorValidationsTest.LoginErrorValidation(ErrorValidationsTest.java:26)
at java.base/java.util.ArrayList.forEach(ArrayList.java:1596)
... Removed 36 stack frames]]>
    </failure>
  </testcase> <!-- LoginErrorValidation -->
  <testcase classname="NaziaShaik.tests.ErrorValidationsTest" name="ProductErrorValidation" time="2.346"/>
  <testcase classname="NaziaShaik.tests.SubmitOrderTest" name="submitOrder" time="3.546"/>
  <testcase classname="NaziaShaik.tests.SubmitOrderTest" name="submitOrder" time="3.321"/>
  <testcase classname="NaziaShaik.tests.SubmitOrderTest" name="OrderHistoryTest" time="0.907"/>
</testsuite> <!-- Surefire test -->
