<?xml version="1.0" encoding="UTF-8"?>
<!-- Generated by org.testng.reporters.JUnitXMLReporter -->
<testsuite ignored="0" hostname="DESKTOP-Q8PS02L" failures="0" tests="2" name="Error Validations Test" time="22.223" errors="0" timestamp="2025-10-10T16:38:39 IST">
  <testcase classname="NaziaShaik.tests.ErrorValidationsTest" name="LoginErrorValidation" time="1.326"/>
  <testcase classname="NaziaShaik.tests.ErrorValidationsTest" name="ProductErrorValidation" time="12.568"/>
</testsuite> <!-- Error Validations Test -->
