<?xml version="1.0" encoding="UTF-8"?>
<!-- Generated by org.testng.reporters.JUnitXMLReporter -->
<testsuite ignored="0" hostname="DESKTOP-Q8PS02L" failures="0" tests="2" name="ErrorValidationTest" time="18.363" errors="0" timestamp="2025-09-30T16:11:05 IST">
  <testcase classname="NaziaShaik.tests.ErrorValidations" name="LoginPageErrorValidation" time="0.542"/>
  <testcase classname="NaziaShaik.tests.ErrorValidations" name="ProductpageErrorValidation" time="14.339"/>
</testsuite> <!-- ErrorValidationTest -->
