<?xml version="1.0" encoding="UTF-8"?>
<!-- Generated by org.testng.reporters.JUnitXMLReporter -->
<testsuite ignored="0" hostname="DESKTOP-Q8PS02L" failures="0" tests="3" name="Submit Order Test" time="20.118" errors="0" timestamp="2025-10-10T16:38:38 IST">
  <testcase classname="NaziaShaik.tests.SubmitOrderTest" name="submitOrder" time="5.392"/>
  <testcase classname="NaziaShaik.tests.SubmitOrderTest" name="submitOrder" time="3.329"/>
  <testcase classname="NaziaShaik.tests.SubmitOrderTest" name="OrderHistoryTest" time="1.092"/>
</testsuite> <!-- Submit Order Test -->
