<?xml version="1.0" encoding="UTF-8"?>
<!-- Generated by org.testng.reporters.JUnitXMLReporter -->
<testsuite ignored="0" hostname="DESKTOP-Q8PS02L" failures="0" tests="2" name="Error Validations Test" time="22.952" errors="0" timestamp="2025-10-15T13:40:35 IST">
  <testcase classname="NaziaShaik.tests.ErrorValidationsTest" name="LoginErrorValidation" time="2.726"/>
  <testcase classname="NaziaShaik.tests.ErrorValidationsTest" name="ProductErrorValidation" time="11.601"/>
</testsuite> <!-- Error Validations Test -->
