<?xml version="1.0" encoding="UTF-8"?>
<!-- Generated by org.testng.reporters.JUnitXMLReporter -->
<testsuite ignored="0" hostname="DESKTOP-Q8PS02L" failures="0" tests="3" name="Submit Order Test" time="41.5" errors="0" timestamp="2025-10-15T13:40:53 IST">
  <testcase classname="NaziaShaik.tests.SubmitOrderTest" name="submitOrder" time="12.603"/>
  <testcase classname="NaziaShaik.tests.SubmitOrderTest" name="submitOrder" time="12.595"/>
  <testcase classname="NaziaShaik.tests.SubmitOrderTest" name="OrderHistoryTest" time="5.581"/>
</testsuite> <!-- Submit Order Test -->
