<?xml version="1.0" encoding="UTF-8"?>
<testng-results ignored="0" total="5" passed="5" failed="0" skipped="0">
  <reporter-output>
  </reporter-output>
  <suite started-at="2025-10-15T13:40:12 IST" name="Suite" finished-at="2025-10-15T13:40:53 IST" duration-ms="41500">
    <groups>
      <group name="ErrorHandling">
        <method signature="ErrorValidationsTest.LoginErrorValidation()[pri:0, instance:NaziaShaik.tests.ErrorValidationsTest@4149c063]" name="LoginErrorValidation" class="NaziaShaik.tests.ErrorValidationsTest"/>
      </group> <!-- ErrorHandling -->
      <group name="Purchase">
        <method signature="SubmitOrderTest.submitOrder(java.util.HashMap)[pri:0, instance:NaziaShaik.tests.SubmitOrderTest@387a8303]" name="submitOrder" class="NaziaShaik.tests.SubmitOrderTest"/>
      </group> <!-- Purchase -->
    </groups>
    <test started-at="2025-10-15T13:40:12 IST" name="Error Validations Test" finished-at="2025-10-15T13:40:35 IST" duration-ms="22952">
      <class name="NaziaShaik.tests.ErrorValidationsTest">
        <test-method is-config="true" signature="launchApplication()[pri:0, instance:NaziaShaik.tests.ErrorValidationsTest@4149c063]" started-at="2025-10-15T13:40:12 IST" name="launchApplication" finished-at="2025-10-15T13:40:17 IST" duration-ms="5340" status="PASS">
          <reporter-output>
          </reporter-output>
        </test-method> <!-- launchApplication -->
        <test-method signature="LoginErrorValidation()[pri:0, instance:NaziaShaik.tests.ErrorValidationsTest@4149c063]" started-at="2025-10-15T13:40:17 IST" name="LoginErrorValidation" finished-at="2025-10-15T13:40:20 IST" duration-ms="2726" status="PASS">
          <reporter-output>
          </reporter-output>
        </test-method> <!-- LoginErrorValidation -->
        <test-method is-config="true" signature="tearDown()[pri:0, instance:NaziaShaik.tests.ErrorValidationsTest@4149c063]" started-at="2025-10-15T13:40:20 IST" name="tearDown" finished-at="2025-10-15T13:40:20 IST" duration-ms="151" status="PASS">
          <reporter-output>
          </reporter-output>
        </test-method> <!-- tearDown -->
        <test-method is-config="true" signature="launchApplication()[pri:0, instance:NaziaShaik.tests.ErrorValidationsTest@4149c063]" started-at="2025-10-15T13:40:20 IST" name="launchApplication" finished-at="2025-10-15T13:40:23 IST" duration-ms="2803" status="PASS">
          <reporter-output>
          </reporter-output>
        </test-method> <!-- launchApplication -->
        <test-method signature="ProductErrorValidation()[pri:0, instance:NaziaShaik.tests.ErrorValidationsTest@4149c063]" started-at="2025-10-15T13:40:23 IST" name="ProductErrorValidation" finished-at="2025-10-15T13:40:34 IST" duration-ms="11601" status="PASS">
          <reporter-output>
          </reporter-output>
        </test-method> <!-- ProductErrorValidation -->
        <test-method is-config="true" signature="tearDown()[pri:0, instance:NaziaShaik.tests.ErrorValidationsTest@4149c063]" started-at="2025-10-15T13:40:34 IST" name="tearDown" finished-at="2025-10-15T13:40:35 IST" duration-ms="274" status="PASS">
          <reporter-output>
          </reporter-output>
        </test-method> <!-- tearDown -->
      </class> <!-- NaziaShaik.tests.ErrorValidationsTest -->
    </test> <!-- Error Validations Test -->
    <test started-at="2025-10-15T13:40:12 IST" name="Submit Order Test" finished-at="2025-10-15T13:40:53 IST" duration-ms="41500">
      <class name="NaziaShaik.tests.SubmitOrderTest">
        <test-method is-config="true" signature="launchApplication()[pri:0, instance:NaziaShaik.tests.SubmitOrderTest@387a8303]" started-at="2025-10-15T13:40:12 IST" name="launchApplication" finished-at="2025-10-15T13:40:16 IST" duration-ms="3613" status="PASS">
          <reporter-output>
          </reporter-output>
        </test-method> <!-- launchApplication -->
        <test-method signature="submitOrder(java.util.HashMap)[pri:0, instance:NaziaShaik.tests.SubmitOrderTest@387a8303]" started-at="2025-10-15T13:40:16 IST" name="submitOrder" data-provider="getData" finished-at="2025-10-15T13:40:28 IST" duration-ms="12603" status="PASS">
          <params>
            <param index="0">
              <value>
                <![CDATA[{password=Shinchan@786, product=ZARA COAT 3, email=naziashaik888@gmail.com}]]>
              </value>
            </param>
          </params>
          <reporter-output>
          </reporter-output>
        </test-method> <!-- submitOrder -->
        <test-method is-config="true" signature="tearDown()[pri:0, instance:NaziaShaik.tests.SubmitOrderTest@387a8303]" started-at="2025-10-15T13:40:28 IST" name="tearDown" finished-at="2025-10-15T13:40:28 IST" duration-ms="97" status="PASS">
          <reporter-output>
          </reporter-output>
        </test-method> <!-- tearDown -->
        <test-method is-config="true" signature="launchApplication()[pri:0, instance:NaziaShaik.tests.SubmitOrderTest@387a8303]" started-at="2025-10-15T13:40:28 IST" name="launchApplication" finished-at="2025-10-15T13:40:32 IST" duration-ms="3221" status="PASS">
          <reporter-output>
          </reporter-output>
        </test-method> <!-- launchApplication -->
        <test-method signature="submitOrder(java.util.HashMap)[pri:0, instance:NaziaShaik.tests.SubmitOrderTest@387a8303]" started-at="2025-10-15T13:40:32 IST" name="submitOrder" data-provider="getData" finished-at="2025-10-15T13:40:44 IST" duration-ms="12595" status="PASS">
          <params>
            <param index="0">
              <value>
                <![CDATA[{password=Doreman@786, product=ADIDAS ORIGINAL, email=shanwaz123@gmail.com}]]>
              </value>
            </param>
          </params>
          <reporter-output>
          </reporter-output>
        </test-method> <!-- submitOrder -->
        <test-method is-config="true" signature="tearDown()[pri:0, instance:NaziaShaik.tests.SubmitOrderTest@387a8303]" started-at="2025-10-15T13:40:44 IST" name="tearDown" finished-at="2025-10-15T13:40:44 IST" duration-ms="125" status="PASS">
          <reporter-output>
          </reporter-output>
        </test-method> <!-- tearDown -->
        <test-method is-config="true" signature="launchApplication()[pri:0, instance:NaziaShaik.tests.SubmitOrderTest@387a8303]" started-at="2025-10-15T13:40:44 IST" name="launchApplication" finished-at="2025-10-15T13:40:48 IST" duration-ms="3199" status="PASS">
          <reporter-output>
          </reporter-output>
        </test-method> <!-- launchApplication -->
        <test-method signature="OrderHistoryTest()[pri:0, instance:NaziaShaik.tests.SubmitOrderTest@387a8303]" started-at="2025-10-15T13:40:48 IST" name="OrderHistoryTest" finished-at="2025-10-15T13:40:53 IST" depends-on-methods="NaziaShaik.tests.SubmitOrderTest.submitOrder" duration-ms="5581" status="PASS">
          <reporter-output>
          </reporter-output>
        </test-method> <!-- OrderHistoryTest -->
        <test-method is-config="true" signature="tearDown()[pri:0, instance:NaziaShaik.tests.SubmitOrderTest@387a8303]" started-at="2025-10-15T13:40:53 IST" name="tearDown" finished-at="2025-10-15T13:40:53 IST" duration-ms="129" status="PASS">
          <reporter-output>
          </reporter-output>
        </test-method> <!-- tearDown -->
      </class> <!-- NaziaShaik.tests.SubmitOrderTest -->
    </test> <!-- Submit Order Test -->
  </suite> <!-- Suite -->
</testng-results>
