<?xml version="1.0" encoding="UTF-8"?>
<testng-results ignored="0" total="5" passed="5" failed="0" skipped="0">
  <reporter-output>
  </reporter-output>
  <suite started-at="2025-10-10T16:38:17 IST" name="Suite" finished-at="2025-10-10T16:38:39 IST" duration-ms="22223">
    <groups>
      <group name="ErrorHandling">
        <method signature="ErrorValidationsTest.LoginErrorValidation()[pri:0, instance:NaziaShaik.tests.ErrorValidationsTest@1cd629b3]" name="LoginErrorValidation" class="NaziaShaik.tests.ErrorValidationsTest"/>
      </group> <!-- ErrorHandling -->
      <group name="Purchase">
        <method signature="SubmitOrderTest.submitOrder(java.util.HashMap)[pri:0, instance:NaziaShaik.tests.SubmitOrderTest@4149c063]" name="submitOrder" class="NaziaShaik.tests.SubmitOrderTest"/>
      </group> <!-- Purchase -->
    </groups>
    <test started-at="2025-10-10T16:38:17 IST" name="Submit Order Test" finished-at="2025-10-10T16:38:37 IST" duration-ms="20118">
      <class name="NaziaShaik.tests.SubmitOrderTest">
        <test-method is-config="true" signature="launchApplication()[pri:0, instance:NaziaShaik.tests.SubmitOrderTest@4149c063]" started-at="2025-10-10T16:38:17 IST" name="launchApplication" finished-at="2025-10-10T16:38:20 IST" duration-ms="2542" status="PASS">
          <reporter-output>
          </reporter-output>
        </test-method> <!-- launchApplication -->
        <test-method signature="submitOrder(java.util.HashMap)[pri:0, instance:NaziaShaik.tests.SubmitOrderTest@4149c063]" started-at="2025-10-10T16:38:20 IST" name="submitOrder" data-provider="getData" finished-at="2025-10-10T16:38:25 IST" duration-ms="5392" status="PASS">
          <params>
            <param index="0">
              <value>
                <![CDATA[{password=Shinchan@786, product=ZARA COAT 3, email=naziashaik888@gmail.com}]]>
              </value>
            </param>
          </params>
          <reporter-output>
          </reporter-output>
        </test-method> <!-- submitOrder -->
        <test-method is-config="true" signature="tearDown()[pri:0, instance:NaziaShaik.tests.SubmitOrderTest@4149c063]" started-at="2025-10-10T16:38:25 IST" name="tearDown" finished-at="2025-10-10T16:38:26 IST" duration-ms="158" status="PASS">
          <reporter-output>
          </reporter-output>
        </test-method> <!-- tearDown -->
        <test-method is-config="true" signature="launchApplication()[pri:0, instance:NaziaShaik.tests.SubmitOrderTest@4149c063]" started-at="2025-10-10T16:38:26 IST" name="launchApplication" finished-at="2025-10-10T16:38:29 IST" duration-ms="2959" status="PASS">
          <reporter-output>
          </reporter-output>
        </test-method> <!-- launchApplication -->
        <test-method signature="submitOrder(java.util.HashMap)[pri:0, instance:NaziaShaik.tests.SubmitOrderTest@4149c063]" started-at="2025-10-10T16:38:29 IST" name="submitOrder" data-provider="getData" finished-at="2025-10-10T16:38:32 IST" duration-ms="3329" status="PASS">
          <params>
            <param index="0">
              <value>
                <![CDATA[{password=Doreman@786, product=ADIDAS ORIGINAL, email=shanwaz123@gmail.com}]]>
              </value>
            </param>
          </params>
          <reporter-output>
          </reporter-output>
        </test-method> <!-- submitOrder -->
        <test-method is-config="true" signature="tearDown()[pri:0, instance:NaziaShaik.tests.SubmitOrderTest@4149c063]" started-at="2025-10-10T16:38:32 IST" name="tearDown" finished-at="2025-10-10T16:38:32 IST" duration-ms="107" status="PASS">
          <reporter-output>
          </reporter-output>
        </test-method> <!-- tearDown -->
        <test-method is-config="true" signature="launchApplication()[pri:0, instance:NaziaShaik.tests.SubmitOrderTest@4149c063]" started-at="2025-10-10T16:38:32 IST" name="launchApplication" finished-at="2025-10-10T16:38:36 IST" duration-ms="4019" status="PASS">
          <reporter-output>
          </reporter-output>
        </test-method> <!-- launchApplication -->
        <test-method signature="OrderHistoryTest()[pri:0, instance:NaziaShaik.tests.SubmitOrderTest@4149c063]" started-at="2025-10-10T16:38:36 IST" name="OrderHistoryTest" finished-at="2025-10-10T16:38:37 IST" depends-on-methods="NaziaShaik.tests.SubmitOrderTest.submitOrder" duration-ms="1092" status="PASS">
          <reporter-output>
          </reporter-output>
        </test-method> <!-- OrderHistoryTest -->
        <test-method is-config="true" signature="tearDown()[pri:0, instance:NaziaShaik.tests.SubmitOrderTest@4149c063]" started-at="2025-10-10T16:38:37 IST" name="tearDown" finished-at="2025-10-10T16:38:37 IST" duration-ms="137" status="PASS">
          <reporter-output>
          </reporter-output>
        </test-method> <!-- tearDown -->
      </class> <!-- NaziaShaik.tests.SubmitOrderTest -->
    </test> <!-- Submit Order Test -->
    <test started-at="2025-10-10T16:38:17 IST" name="Error Validations Test" finished-at="2025-10-10T16:38:39 IST" duration-ms="22223">
      <class name="NaziaShaik.tests.ErrorValidationsTest">
        <test-method is-config="true" signature="launchApplication()[pri:0, instance:NaziaShaik.tests.ErrorValidationsTest@1cd629b3]" started-at="2025-10-10T16:38:17 IST" name="launchApplication" finished-at="2025-10-10T16:38:22 IST" duration-ms="5046" status="PASS">
          <reporter-output>
          </reporter-output>
        </test-method> <!-- launchApplication -->
        <test-method signature="LoginErrorValidation()[pri:0, instance:NaziaShaik.tests.ErrorValidationsTest@1cd629b3]" started-at="2025-10-10T16:38:22 IST" name="LoginErrorValidation" finished-at="2025-10-10T16:38:24 IST" duration-ms="1326" status="PASS">
          <reporter-output>
          </reporter-output>
        </test-method> <!-- LoginErrorValidation -->
        <test-method is-config="true" signature="tearDown()[pri:0, instance:NaziaShaik.tests.ErrorValidationsTest@1cd629b3]" started-at="2025-10-10T16:38:24 IST" name="tearDown" finished-at="2025-10-10T16:38:24 IST" duration-ms="187" status="PASS">
          <reporter-output>
          </reporter-output>
        </test-method> <!-- tearDown -->
        <test-method is-config="true" signature="launchApplication()[pri:0, instance:NaziaShaik.tests.ErrorValidationsTest@1cd629b3]" started-at="2025-10-10T16:38:24 IST" name="launchApplication" finished-at="2025-10-10T16:38:27 IST" duration-ms="2882" status="PASS">
          <reporter-output>
          </reporter-output>
        </test-method> <!-- launchApplication -->
        <test-method signature="ProductErrorValidation()[pri:0, instance:NaziaShaik.tests.ErrorValidationsTest@1cd629b3]" started-at="2025-10-10T16:38:27 IST" name="ProductErrorValidation" finished-at="2025-10-10T16:38:39 IST" duration-ms="12568" status="PASS">
          <reporter-output>
          </reporter-output>
        </test-method> <!-- ProductErrorValidation -->
        <test-method is-config="true" signature="tearDown()[pri:0, instance:NaziaShaik.tests.ErrorValidationsTest@1cd629b3]" started-at="2025-10-10T16:38:39 IST" name="tearDown" finished-at="2025-10-10T16:38:39 IST" duration-ms="128" status="PASS">
          <reporter-output>
          </reporter-output>
        </test-method> <!-- tearDown -->
      </class> <!-- NaziaShaik.tests.ErrorValidationsTest -->
    </test> <!-- Error Validations Test -->
  </suite> <!-- Suite -->
</testng-results>
