<?xml version="1.0" encoding="UTF-8"?>
<!-- Generated by org.testng.reporters.JUnitReportReporter -->
<testsuite hostname="DESKTOP-Q8PS02L" failures="0" tests="3" name="NaziaShaik.tests.SubmitOrderTest" time="19.735" errors="0" timestamp="2025-10-10T16:38:40 IST" skipped="0">
  <testcase classname="NaziaShaik.tests.SubmitOrderTest" name="submitOrder" time="6.008"/>
  <testcase classname="NaziaShaik.tests.SubmitOrderTest" name="OrderHistoryTest" time="5.269"/>
  <testcase classname="NaziaShaik.tests.SubmitOrderTest" name="submitOrder" time="8.458"/>
</testsuite> <!-- NaziaShaik.tests.SubmitOrderTest -->
