<?xml version="1.0" encoding="UTF-8"?>
<!-- Generated by org.testng.reporters.JUnitReportReporter -->
<testsuite hostname="DESKTOP-Q8PS02L" failures="0" tests="2" name="NaziaShaik.tests.SubmitCodeForTest" time="11.639" errors="0" timestamp="2025-10-09T16:26:15 IST" skipped="0">
  <testcase classname="NaziaShaik.tests.SubmitCodeForTest" name="OrderHistoryTest" time="4.263"/>
  <testcase classname="NaziaShaik.tests.SubmitCodeForTest" name="submitOrder" time="7.376"/>
</testsuite> <!-- NaziaShaik.tests.SubmitCodeForTest -->
