<?xml version="1.0" encoding="UTF-8"?>
<!-- Generated by org.testng.reporters.JUnitReportReporter -->
<testsuite hostname="DESKTOP-Q8PS02L" failures="0" tests="2" name="NaziaShaik.tests.ErrorValidationsTest" time="22.137" errors="0" timestamp="2025-10-10T16:38:40 IST" skipped="0">
  <testcase classname="NaziaShaik.tests.ErrorValidationsTest" name="LoginErrorValidation" time="6.500"/>
  <testcase classname="NaziaShaik.tests.ErrorValidationsTest" name="ProductErrorValidation" time="15.637"/>
</testsuite> <!-- NaziaShaik.tests.ErrorValidationsTest -->
