<?xml version="1.0" encoding="UTF-8"?>
<!-- Generated by org.testng.reporters.JUnitReportReporter -->
<testsuite hostname="DESKTOP-Q8PS02L" failures="0" tests="3" name="NaziaShaik.tests.SubmitOrderTest" time="41.163" errors="0" timestamp="2025-10-15T13:40:53 IST" skipped="0">
  <testcase classname="NaziaShaik.tests.SubmitOrderTest" name="submitOrder" time="15.891"/>
  <testcase classname="NaziaShaik.tests.SubmitOrderTest" name="submitOrder" time="15.949"/>
  <testcase classname="NaziaShaik.tests.SubmitOrderTest" name="OrderHistoryTest" time="9.323"/>
</testsuite> <!-- NaziaShaik.tests.SubmitOrderTest -->
