<?xml version="1.0" encoding="UTF-8"?>
<!-- Generated by org.testng.reporters.JUnitReportReporter -->
<testsuite hostname="DESKTOP-Q8PS02L" failures="0" tests="2" name="NaziaShaik.tests.ErrorValidationsTest" time="22.895" errors="0" timestamp="2025-10-15T13:40:53 IST" skipped="0">
  <testcase classname="NaziaShaik.tests.ErrorValidationsTest" name="LoginErrorValidation" time="5.803"/>
  <testcase classname="NaziaShaik.tests.ErrorValidationsTest" name="ProductErrorValidation" time="17.092"/>
</testsuite> <!-- NaziaShaik.tests.ErrorValidationsTest -->
